INFO:root:Starting sendmail for easterseals
INFO:root:End sendmail for easterseals
INFO:root:Starting sendmail for easterseals
INFO:root:202
INFO:root:Server: nginx
Date: Tue, 20 Sep 2022 19:12:39 GMT
Content-Length: 0
Connection: close
X-Message-Id: GzGxd9BqSLqp2CQn4G4AjQ
Access-Control-Allow-Origin: https://sendgrid.api-docs.io
Access-Control-Allow-Methods: POST
Access-Control-Allow-Headers: Authorization, Content-Type, On-behalf-of, x-sg-elas-acl
Access-Control-Max-Age: 600
X-No-CORS-Reason: https://sendgrid.com/docs/Classroom/Basics/API/cors.html
Strict-Transport-Security: max-age=600; includeSubDomains


INFO:root:End sendmail for easterseals
INFO:root:Starting sendmail for easterseals
INFO:root:202
INFO:root:Server: nginx
Date: Wed, 21 Sep 2022 00:12:33 GMT
Content-Length: 0
Connection: close
X-Message-Id: S_3qn8IQSc-xQ6t7tD8JUA
Access-Control-Allow-Origin: https://sendgrid.api-docs.io
Access-Control-Allow-Methods: POST
Access-Control-Allow-Headers: Authorization, Content-Type, On-behalf-of, x-sg-elas-acl
Access-Control-Max-Age: 600
X-No-CORS-Reason: https://sendgrid.com/docs/Classroom/Basics/API/cors.html
Strict-Transport-Security: max-age=600; includeSubDomains


INFO:root:End sendmail for easterseals
INFO:root:Starting sendmail for startearly
INFO:root:202
INFO:root:Server: nginx
Date: Wed, 21 Sep 2022 00:12:35 GMT
Content-Length: 0
Connection: close
X-Message-Id: 6WipnSZlQS63Ka94ibUV5w
Access-Control-Allow-Origin: https://sendgrid.api-docs.io
Access-Control-Allow-Methods: POST
Access-Control-Allow-Headers: Authorization, Content-Type, On-behalf-of, x-sg-elas-acl
Access-Control-Max-Age: 600
X-No-CORS-Reason: https://sendgrid.com/docs/Classroom/Basics/API/cors.html
Strict-Transport-Security: max-age=600; includeSubDomains


INFO:root:End sendmail for startearly
INFO:root:Starting sendmail for easterseals
INFO:root:202
INFO:root:Server: nginx
Date: Wed, 21 Sep 2022 15:46:49 GMT
Content-Length: 0
Connection: close
X-Message-Id: yYRdC0fPR8KkV2JfxPNvDA
Access-Control-Allow-Origin: https://sendgrid.api-docs.io
Access-Control-Allow-Methods: POST
Access-Control-Allow-Headers: Authorization, Content-Type, On-behalf-of, x-sg-elas-acl
Access-Control-Max-Age: 600
X-No-CORS-Reason: https://sendgrid.com/docs/Classroom/Basics/API/cors.html
Strict-Transport-Security: max-age=600; includeSubDomains


INFO:root:End sendmail for easterseals
INFO:root:Starting sendmail for startearly
INFO:root:202
INFO:root:Server: nginx
Date: Wed, 21 Sep 2022 15:46:50 GMT
Content-Length: 0
Connection: close
X-Message-Id: x8CSlx4uR8y_VdzrJMZ-Ow
Access-Control-Allow-Origin: https://sendgrid.api-docs.io
Access-Control-Allow-Methods: POST
Access-Control-Allow-Headers: Authorization, Content-Type, On-behalf-of, x-sg-elas-acl
Access-Control-Max-Age: 600
X-No-CORS-Reason: https://sendgrid.com/docs/Classroom/Basics/API/cors.html
Strict-Transport-Security: max-age=600; includeSubDomains


INFO:root:End sendmail for startearly
INFO:root:Starting sendmail for easterseals
INFO:root:202
INFO:root:Server: nginx
Date: Wed, 21 Sep 2022 15:48:35 GMT
Content-Length: 0
Connection: close
X-Message-Id: TATy2M80SxOuqUGd87p-ew
Access-Control-Allow-Origin: https://sendgrid.api-docs.io
Access-Control-Allow-Methods: POST
Access-Control-Allow-Headers: Authorization, Content-Type, On-behalf-of, x-sg-elas-acl
Access-Control-Max-Age: 600
X-No-CORS-Reason: https://sendgrid.com/docs/Classroom/Basics/API/cors.html
Strict-Transport-Security: max-age=600; includeSubDomains


INFO:root:End sendmail for easterseals
INFO:root:Starting sendmail for startearly
INFO:root:202
INFO:root:Server: nginx
Date: Wed, 21 Sep 2022 15:48:35 GMT
Content-Length: 0
Connection: close
X-Message-Id: CfUbIZnFQiaUguoO0ByJNg
Access-Control-Allow-Origin: https://sendgrid.api-docs.io
Access-Control-Allow-Methods: POST
Access-Control-Allow-Headers: Authorization, Content-Type, On-behalf-of, x-sg-elas-acl
Access-Control-Max-Age: 600
X-No-CORS-Reason: https://sendgrid.com/docs/Classroom/Basics/API/cors.html
Strict-Transport-Security: max-age=600; includeSubDomains


INFO:root:End sendmail for startearly
INFO:root:Starting sendmail for easterseals
INFO:root:202
INFO:root:Server: nginx
Date: Wed, 21 Sep 2022 17:38:47 GMT
Content-Length: 0
Connection: close
X-Message-Id: STGJFaL-RJCIYn0qomdvZg
Access-Control-Allow-Origin: https://sendgrid.api-docs.io
Access-Control-Allow-Methods: POST
Access-Control-Allow-Headers: Authorization, Content-Type, On-behalf-of, x-sg-elas-acl
Access-Control-Max-Age: 600
X-No-CORS-Reason: https://sendgrid.com/docs/Classroom/Basics/API/cors.html
Strict-Transport-Security: max-age=600; includeSubDomains


INFO:root:End sendmail for easterseals
INFO:root:Starting sendmail for easterseals
INFO:root:202
INFO:root:Server: nginx
Date: Wed, 21 Sep 2022 17:42:24 GMT
Content-Length: 0
Connection: close
X-Message-Id: I9aIl2_vTcyZfnk0KXcgrw
Access-Control-Allow-Origin: https://sendgrid.api-docs.io
Access-Control-Allow-Methods: POST
Access-Control-Allow-Headers: Authorization, Content-Type, On-behalf-of, x-sg-elas-acl
Access-Control-Max-Age: 600
X-No-CORS-Reason: https://sendgrid.com/docs/Classroom/Basics/API/cors.html
Strict-Transport-Security: max-age=600; includeSubDomains


INFO:root:End sendmail for easterseals
INFO:root:Starting sendmail for easterseals
INFO:root:202
INFO:root:Server: nginx
Date: Wed, 21 Sep 2022 17:45:27 GMT
Content-Length: 0
Connection: close
X-Message-Id: SUjh_p6bQMeP98H_jUKE_Q
Access-Control-Allow-Origin: https://sendgrid.api-docs.io
Access-Control-Allow-Methods: POST
Access-Control-Allow-Headers: Authorization, Content-Type, On-behalf-of, x-sg-elas-acl
Access-Control-Max-Age: 600
X-No-CORS-Reason: https://sendgrid.com/docs/Classroom/Basics/API/cors.html
Strict-Transport-Security: max-age=600; includeSubDomains


INFO:root:End sendmail for easterseals
INFO:root:Starting sendmail for easterseals
INFO:root:202
INFO:root:Server: nginx
Date: Wed, 21 Sep 2022 17:46:40 GMT
Content-Length: 0
Connection: close
X-Message-Id: H5LI4bWJTFOxWVjlemXqjw
Access-Control-Allow-Origin: https://sendgrid.api-docs.io
Access-Control-Allow-Methods: POST
Access-Control-Allow-Headers: Authorization, Content-Type, On-behalf-of, x-sg-elas-acl
Access-Control-Max-Age: 600
X-No-CORS-Reason: https://sendgrid.com/docs/Classroom/Basics/API/cors.html
Strict-Transport-Security: max-age=600; includeSubDomains


INFO:root:End sendmail for easterseals
INFO:root:Starting sendmail for easterseals
INFO:root:202
INFO:root:Server: nginx
Date: Wed, 21 Sep 2022 17:47:51 GMT
Content-Length: 0
Connection: close
X-Message-Id: Y0ZyIZWTTWmPY-6oiuVNzw
Access-Control-Allow-Origin: https://sendgrid.api-docs.io
Access-Control-Allow-Methods: POST
Access-Control-Allow-Headers: Authorization, Content-Type, On-behalf-of, x-sg-elas-acl
Access-Control-Max-Age: 600
X-No-CORS-Reason: https://sendgrid.com/docs/Classroom/Basics/API/cors.html
Strict-Transport-Security: max-age=600; includeSubDomains


INFO:root:End sendmail for easterseals
INFO:root:Starting sendmail for easterseals
INFO:root:202
INFO:root:Server: nginx
Date: Wed, 21 Sep 2022 17:53:25 GMT
Content-Length: 0
Connection: close
X-Message-Id: QejMQ1QFRKifU833sAiQXg
Access-Control-Allow-Origin: https://sendgrid.api-docs.io
Access-Control-Allow-Methods: POST
Access-Control-Allow-Headers: Authorization, Content-Type, On-behalf-of, x-sg-elas-acl
Access-Control-Max-Age: 600
X-No-CORS-Reason: https://sendgrid.com/docs/Classroom/Basics/API/cors.html
Strict-Transport-Security: max-age=600; includeSubDomains


INFO:root:End sendmail for easterseals
INFO:root:Starting sendmail for startearly
INFO:root:202
INFO:root:Server: nginx
Date: Wed, 21 Sep 2022 17:53:27 GMT
Content-Length: 0
Connection: close
X-Message-Id: hjNBy49sT7Sqtbf4QTjVYg
Access-Control-Allow-Origin: https://sendgrid.api-docs.io
Access-Control-Allow-Methods: POST
Access-Control-Allow-Headers: Authorization, Content-Type, On-behalf-of, x-sg-elas-acl
Access-Control-Max-Age: 600
X-No-CORS-Reason: https://sendgrid.com/docs/Classroom/Basics/API/cors.html
Strict-Transport-Security: max-age=600; includeSubDomains


INFO:root:End sendmail for startearly
INFO:root:Starting sendmail for easterseals
INFO:root:202
INFO:root:Server: nginx
Date: Wed, 21 Sep 2022 18:00:53 GMT
Content-Length: 0
Connection: close
X-Message-Id: kvfQycQmQAK-JSoyOhMbcw
Access-Control-Allow-Origin: https://sendgrid.api-docs.io
Access-Control-Allow-Methods: POST
Access-Control-Allow-Headers: Authorization, Content-Type, On-behalf-of, x-sg-elas-acl
Access-Control-Max-Age: 600
X-No-CORS-Reason: https://sendgrid.com/docs/Classroom/Basics/API/cors.html
Strict-Transport-Security: max-age=600; includeSubDomains


INFO:root:End sendmail for easterseals
INFO:root:Starting sendmail for startearly
INFO:root:202
INFO:root:Server: nginx
Date: Wed, 21 Sep 2022 18:00:55 GMT
Content-Length: 0
Connection: close
X-Message-Id: BfGx7ZGoSCWeF0G3EfPpGw
Access-Control-Allow-Origin: https://sendgrid.api-docs.io
Access-Control-Allow-Methods: POST
Access-Control-Allow-Headers: Authorization, Content-Type, On-behalf-of, x-sg-elas-acl
Access-Control-Max-Age: 600
X-No-CORS-Reason: https://sendgrid.com/docs/Classroom/Basics/API/cors.html
Strict-Transport-Security: max-age=600; includeSubDomains


INFO:root:End sendmail for startearly
INFO:root:Starting sendmail for easterseals
INFO:root:202
INFO:root:Server: nginx
Date: Wed, 21 Sep 2022 18:09:18 GMT
Content-Length: 0
Connection: close
X-Message-Id: 5vksrYenTpinRHxDmjOsYg
Access-Control-Allow-Origin: https://sendgrid.api-docs.io
Access-Control-Allow-Methods: POST
Access-Control-Allow-Headers: Authorization, Content-Type, On-behalf-of, x-sg-elas-acl
Access-Control-Max-Age: 600
X-No-CORS-Reason: https://sendgrid.com/docs/Classroom/Basics/API/cors.html
Strict-Transport-Security: max-age=600; includeSubDomains


INFO:root:End sendmail for easterseals
INFO:root:Starting sendmail for startearly
INFO:root:202
INFO:root:Server: nginx
Date: Wed, 21 Sep 2022 18:09:20 GMT
Content-Length: 0
Connection: close
X-Message-Id: 5fZD8YS6Sf2Yl9PcjOr27w
Access-Control-Allow-Origin: https://sendgrid.api-docs.io
Access-Control-Allow-Methods: POST
Access-Control-Allow-Headers: Authorization, Content-Type, On-behalf-of, x-sg-elas-acl
Access-Control-Max-Age: 600
X-No-CORS-Reason: https://sendgrid.com/docs/Classroom/Basics/API/cors.html
Strict-Transport-Security: max-age=600; includeSubDomains


INFO:root:End sendmail for startearly
INFO:root:Starting sendmail for easterseals
INFO:root:202
INFO:root:Server: nginx
Date: Wed, 21 Sep 2022 18:22:54 GMT
Content-Length: 0
Connection: close
X-Message-Id: k8jvWrNZQIa-satICX5tzw
Access-Control-Allow-Origin: https://sendgrid.api-docs.io
Access-Control-Allow-Methods: POST
Access-Control-Allow-Headers: Authorization, Content-Type, On-behalf-of, x-sg-elas-acl
Access-Control-Max-Age: 600
X-No-CORS-Reason: https://sendgrid.com/docs/Classroom/Basics/API/cors.html
Strict-Transport-Security: max-age=600; includeSubDomains


INFO:root:End sendmail for easterseals
INFO:root:Starting sendmail for startearly
INFO:root:202
INFO:root:Server: nginx
Date: Wed, 21 Sep 2022 18:22:55 GMT
Content-Length: 0
Connection: close
X-Message-Id: wqwPRuuvQpiTkcbp30rsKw
Access-Control-Allow-Origin: https://sendgrid.api-docs.io
Access-Control-Allow-Methods: POST
Access-Control-Allow-Headers: Authorization, Content-Type, On-behalf-of, x-sg-elas-acl
Access-Control-Max-Age: 600
X-No-CORS-Reason: https://sendgrid.com/docs/Classroom/Basics/API/cors.html
Strict-Transport-Security: max-age=600; includeSubDomains


INFO:root:End sendmail for startearly
INFO:root:Starting sendmail for easterseals
INFO:root:202
INFO:root:Server: nginx
Date: Wed, 21 Sep 2022 18:23:46 GMT
Content-Length: 0
Connection: close
X-Message-Id: en3rt99wQk-raQFJe-DRFA
Access-Control-Allow-Origin: https://sendgrid.api-docs.io
Access-Control-Allow-Methods: POST
Access-Control-Allow-Headers: Authorization, Content-Type, On-behalf-of, x-sg-elas-acl
Access-Control-Max-Age: 600
X-No-CORS-Reason: https://sendgrid.com/docs/Classroom/Basics/API/cors.html
Strict-Transport-Security: max-age=600; includeSubDomains


INFO:root:End sendmail for easterseals
INFO:root:Starting sendmail for startearly
INFO:root:202
INFO:root:Server: nginx
Date: Wed, 21 Sep 2022 18:23:46 GMT
Content-Length: 0
Connection: close
X-Message-Id: QPsmM-eYQ3qgzBl2ZwmCaw
Access-Control-Allow-Origin: https://sendgrid.api-docs.io
Access-Control-Allow-Methods: POST
Access-Control-Allow-Headers: Authorization, Content-Type, On-behalf-of, x-sg-elas-acl
Access-Control-Max-Age: 600
X-No-CORS-Reason: https://sendgrid.com/docs/Classroom/Basics/API/cors.html
Strict-Transport-Security: max-age=600; includeSubDomains


INFO:root:End sendmail for startearly
INFO:root:Starting sendmail for easterseals
INFO:root:202
INFO:root:Server: nginx
Date: Wed, 21 Sep 2022 18:24:28 GMT
Content-Length: 0
Connection: close
X-Message-Id: SyfWYewJR4qKUHqoNEWfKw
Access-Control-Allow-Origin: https://sendgrid.api-docs.io
Access-Control-Allow-Methods: POST
Access-Control-Allow-Headers: Authorization, Content-Type, On-behalf-of, x-sg-elas-acl
Access-Control-Max-Age: 600
X-No-CORS-Reason: https://sendgrid.com/docs/Classroom/Basics/API/cors.html
Strict-Transport-Security: max-age=600; includeSubDomains


INFO:root:End sendmail for easterseals
INFO:root:Starting sendmail for startearly
INFO:root:202
INFO:root:Server: nginx
Date: Wed, 21 Sep 2022 18:24:29 GMT
Content-Length: 0
Connection: close
X-Message-Id: E5-LyqmiTw6n7HDPbFdpkQ
Access-Control-Allow-Origin: https://sendgrid.api-docs.io
Access-Control-Allow-Methods: POST
Access-Control-Allow-Headers: Authorization, Content-Type, On-behalf-of, x-sg-elas-acl
Access-Control-Max-Age: 600
X-No-CORS-Reason: https://sendgrid.com/docs/Classroom/Basics/API/cors.html
Strict-Transport-Security: max-age=600; includeSubDomains


INFO:root:End sendmail for startearly
INFO:root:Starting sendmail for easterseals
INFO:root:202
INFO:root:Server: nginx
Date: Wed, 21 Sep 2022 18:25:59 GMT
Content-Length: 0
Connection: close
X-Message-Id: RvQGIPAEQp-j8C9ANZYHig
Access-Control-Allow-Origin: https://sendgrid.api-docs.io
Access-Control-Allow-Methods: POST
Access-Control-Allow-Headers: Authorization, Content-Type, On-behalf-of, x-sg-elas-acl
Access-Control-Max-Age: 600
X-No-CORS-Reason: https://sendgrid.com/docs/Classroom/Basics/API/cors.html
Strict-Transport-Security: max-age=600; includeSubDomains


INFO:root:End sendmail for easterseals
INFO:root:Starting sendmail for startearly
INFO:root:202
INFO:root:Server: nginx
Date: Wed, 21 Sep 2022 18:26:00 GMT
Content-Length: 0
Connection: close
X-Message-Id: zJa8LwBqT0KVwYWGtvrj8Q
Access-Control-Allow-Origin: https://sendgrid.api-docs.io
Access-Control-Allow-Methods: POST
Access-Control-Allow-Headers: Authorization, Content-Type, On-behalf-of, x-sg-elas-acl
Access-Control-Max-Age: 600
X-No-CORS-Reason: https://sendgrid.com/docs/Classroom/Basics/API/cors.html
Strict-Transport-Security: max-age=600; includeSubDomains


INFO:root:End sendmail for startearly
INFO:root:Starting sendmail for easterseals
INFO:root:202
INFO:root:Server: nginx
Date: Wed, 21 Sep 2022 21:35:09 GMT
Content-Length: 0
Connection: close
X-Message-Id: _pJBuzAGQ6GT7858abiobQ
Access-Control-Allow-Origin: https://sendgrid.api-docs.io
Access-Control-Allow-Methods: POST
Access-Control-Allow-Headers: Authorization, Content-Type, On-behalf-of, x-sg-elas-acl
Access-Control-Max-Age: 600
X-No-CORS-Reason: https://sendgrid.com/docs/Classroom/Basics/API/cors.html
Strict-Transport-Security: max-age=600; includeSubDomains


INFO:root:End sendmail for easterseals
INFO:root:Starting sendmail for startearly
INFO:root:202
INFO:root:Server: nginx
Date: Wed, 21 Sep 2022 21:35:10 GMT
Content-Length: 0
Connection: close
X-Message-Id: pfGCAb5SSjiQPDQVJtBQ3w
Access-Control-Allow-Origin: https://sendgrid.api-docs.io
Access-Control-Allow-Methods: POST
Access-Control-Allow-Headers: Authorization, Content-Type, On-behalf-of, x-sg-elas-acl
Access-Control-Max-Age: 600
X-No-CORS-Reason: https://sendgrid.com/docs/Classroom/Basics/API/cors.html
Strict-Transport-Security: max-age=600; includeSubDomains


INFO:root:End sendmail for startearly
INFO:root:Starting sendmail for easterseals
INFO:root:202
INFO:root:Server: nginx
Date: Wed, 21 Sep 2022 21:37:32 GMT
Content-Length: 0
Connection: close
X-Message-Id: NytHMTx8SbqwCm1PcHgT9g
Access-Control-Allow-Origin: https://sendgrid.api-docs.io
Access-Control-Allow-Methods: POST
Access-Control-Allow-Headers: Authorization, Content-Type, On-behalf-of, x-sg-elas-acl
Access-Control-Max-Age: 600
X-No-CORS-Reason: https://sendgrid.com/docs/Classroom/Basics/API/cors.html
Strict-Transport-Security: max-age=600; includeSubDomains


INFO:root:End sendmail for easterseals
INFO:root:Starting sendmail for sftp_easter
INFO:root:202
INFO:root:Server: nginx
Date: Wed, 21 Sep 2022 21:52:35 GMT
Content-Length: 0
Connection: close
X-Message-Id: NPCFznDoTJese5uQjMVH_A
Access-Control-Allow-Origin: https://sendgrid.api-docs.io
Access-Control-Allow-Methods: POST
Access-Control-Allow-Headers: Authorization, Content-Type, On-behalf-of, x-sg-elas-acl
Access-Control-Max-Age: 600
X-No-CORS-Reason: https://sendgrid.com/docs/Classroom/Basics/API/cors.html
Strict-Transport-Security: max-age=600; includeSubDomains


INFO:root:End sendmail for sftp_easter
INFO:root:Starting sendmail for sftp_cps
INFO:root:202
INFO:root:Server: nginx
Date: Wed, 26 Oct 2022 16:38:07 GMT
Content-Length: 0
Connection: close
X-Message-Id: ynrdHdp0Qw--_s3OY6OYiQ
Access-Control-Allow-Origin: https://sendgrid.api-docs.io
Access-Control-Allow-Methods: POST
Access-Control-Allow-Headers: Authorization, Content-Type, On-behalf-of, x-sg-elas-acl
Access-Control-Max-Age: 600
X-No-CORS-Reason: https://sendgrid.com/docs/Classroom/Basics/API/cors.html
Strict-Transport-Security: max-age=600; includeSubDomains


INFO:root:End sendmail for sftp_cps
INFO:root:Starting sendmail for sftp_easter
INFO:root:202
INFO:root:Server: nginx
Date: Fri, 10 Feb 2023 21:33:38 GMT
Content-Length: 0
Connection: close
X-Message-Id: NrTGLokdS2-onB-UaEDhpQ
Access-Control-Allow-Origin: https://sendgrid.api-docs.io
Access-Control-Allow-Methods: POST
Access-Control-Allow-Headers: Authorization, Content-Type, On-behalf-of, x-sg-elas-acl
Access-Control-Max-Age: 600
X-No-CORS-Reason: https://sendgrid.com/docs/Classroom/Basics/API/cors.html
Strict-Transport-Security: max-age=600; includeSubDomains


INFO:root:End sendmail for sftp_easter
INFO:root:Starting sendmail for sftp_cps
INFO:root:202
INFO:root:Server: nginx
Date: Fri, 10 Feb 2023 21:33:40 GMT
Content-Length: 0
Connection: close
X-Message-Id: 5ybL3ZaWQPeeChXEqQjdIA
Access-Control-Allow-Origin: https://sendgrid.api-docs.io
Access-Control-Allow-Methods: POST
Access-Control-Allow-Headers: Authorization, Content-Type, On-behalf-of, x-sg-elas-acl
Access-Control-Max-Age: 600
X-No-CORS-Reason: https://sendgrid.com/docs/Classroom/Basics/API/cors.html
Strict-Transport-Security: max-age=600; includeSubDomains


INFO:root:End sendmail for sftp_cps
INFO:root:Starting sendmail for sftp_start
INFO:root:202
INFO:root:Server: nginx
Date: Sun, 12 Nov 2023 08:44:01 GMT
Content-Length: 0
Connection: close
X-Message-Id: 87kVr95RRZ2RkiW2mHI19A
Access-Control-Allow-Origin: https://sendgrid.api-docs.io
Access-Control-Allow-Methods: POST
Access-Control-Allow-Headers: Authorization, Content-Type, On-behalf-of, x-sg-elas-acl
Access-Control-Max-Age: 600
X-No-CORS-Reason: https://sendgrid.com/docs/Classroom/Basics/API/cors.html
Strict-Transport-Security: max-age=600; includeSubDomains


INFO:root:End sendmail for sftp_start
INFO:root:Starting sendmail for sftp_cps
INFO:root:202
INFO:root:Server: nginx
Date: Sun, 12 Nov 2023 08:44:03 GMT
Content-Length: 0
Connection: close
X-Message-Id: su89KdZoTeiBz63WgH6wYQ
Access-Control-Allow-Origin: https://sendgrid.api-docs.io
Access-Control-Allow-Methods: POST
Access-Control-Allow-Headers: Authorization, Content-Type, On-behalf-of, x-sg-elas-acl
Access-Control-Max-Age: 600
X-No-CORS-Reason: https://sendgrid.com/docs/Classroom/Basics/API/cors.html
Strict-Transport-Security: max-age=600; includeSubDomains


INFO:root:End sendmail for sftp_cps
INFO:root:Starting sendmail for sftp_start
INFO:root:202
INFO:root:Server: nginx
Date: Fri, 17 Nov 2023 01:08:58 GMT
Content-Length: 0
Connection: close
X-Message-Id: xOFLs3b-RIaJez4UCWYGJA
Access-Control-Allow-Origin: https://sendgrid.api-docs.io
Access-Control-Allow-Methods: POST
Access-Control-Allow-Headers: Authorization, Content-Type, On-behalf-of, x-sg-elas-acl
Access-Control-Max-Age: 600
X-No-CORS-Reason: https://sendgrid.com/docs/Classroom/Basics/API/cors.html
Strict-Transport-Security: max-age=600; includeSubDomains


INFO:root:End sendmail for sftp_start
INFO:root:Starting sendmail for sftp_cps
INFO:root:202
INFO:root:Server: nginx
Date: Fri, 17 Nov 2023 01:09:00 GMT
Content-Length: 0
Connection: close
X-Message-Id: 4l50oLTWRqaEOBcnRaWp8Q
Access-Control-Allow-Origin: https://sendgrid.api-docs.io
Access-Control-Allow-Methods: POST
Access-Control-Allow-Headers: Authorization, Content-Type, On-behalf-of, x-sg-elas-acl
Access-Control-Max-Age: 600
X-No-CORS-Reason: https://sendgrid.com/docs/Classroom/Basics/API/cors.html
Strict-Transport-Security: max-age=600; includeSubDomains


INFO:root:End sendmail for sftp_cps
INFO:root:Starting sendmail for sftp_commons
INFO:root:202
INFO:root:Server: nginx
Date: Fri, 17 Nov 2023 01:09:01 GMT
Content-Length: 0
Connection: close
X-Message-Id: 7N7ikc3ISQ6bjMkMUhOxFw
Access-Control-Allow-Origin: https://sendgrid.api-docs.io
Access-Control-Allow-Methods: POST
Access-Control-Allow-Headers: Authorization, Content-Type, On-behalf-of, x-sg-elas-acl
Access-Control-Max-Age: 600
X-No-CORS-Reason: https://sendgrid.com/docs/Classroom/Basics/API/cors.html
Strict-Transport-Security: max-age=600; includeSubDomains


INFO:root:End sendmail for sftp_commons
INFO:root:Starting sendmail for sftp_commons
INFO:root:202
INFO:root:Server: nginx
Date: Fri, 17 Nov 2023 07:31:29 GMT
Content-Length: 0
Connection: close
X-Message-Id: XekpBagPR6q6FX9Nb-YpfA
Access-Control-Allow-Origin: https://sendgrid.api-docs.io
Access-Control-Allow-Methods: POST
Access-Control-Allow-Headers: Authorization, Content-Type, On-behalf-of, x-sg-elas-acl
Access-Control-Max-Age: 600
X-No-CORS-Reason: https://sendgrid.com/docs/Classroom/Basics/API/cors.html
Strict-Transport-Security: max-age=600; includeSubDomains


INFO:root:End sendmail for sftp_commons
INFO:root:Starting sendmail for sftp_start
INFO:root:202
INFO:root:Server: nginx
Date: Fri, 17 Nov 2023 07:32:24 GMT
Content-Length: 0
Connection: close
X-Message-Id: _iFzstQ3S8yJ_LUjM0WLDA
Access-Control-Allow-Origin: https://sendgrid.api-docs.io
Access-Control-Allow-Methods: POST
Access-Control-Allow-Headers: Authorization, Content-Type, On-behalf-of, x-sg-elas-acl
Access-Control-Max-Age: 600
X-No-CORS-Reason: https://sendgrid.com/docs/Classroom/Basics/API/cors.html
Strict-Transport-Security: max-age=600; includeSubDomains


INFO:root:End sendmail for sftp_start
INFO:root:Starting sendmail for sftp_commons
INFO:root:202
INFO:root:Server: nginx
Date: Fri, 17 Nov 2023 07:49:25 GMT
Content-Length: 0
Connection: close
X-Message-Id: QRR_eZ3aQYScLA6Vn5bf7A
Access-Control-Allow-Origin: https://sendgrid.api-docs.io
Access-Control-Allow-Methods: POST
Access-Control-Allow-Headers: Authorization, Content-Type, On-behalf-of, x-sg-elas-acl
Access-Control-Max-Age: 600
X-No-CORS-Reason: https://sendgrid.com/docs/Classroom/Basics/API/cors.html
Strict-Transport-Security: max-age=600; includeSubDomains


INFO:root:End sendmail for sftp_commons
INFO:root:Starting sendmail for sftp_commons
INFO:root:202
INFO:root:Server: nginx
Date: Fri, 17 Nov 2023 07:53:55 GMT
Content-Length: 0
Connection: close
X-Message-Id: B9iC8StNTdKPwqpfSmu4_Q
Access-Control-Allow-Origin: https://sendgrid.api-docs.io
Access-Control-Allow-Methods: POST
Access-Control-Allow-Headers: Authorization, Content-Type, On-behalf-of, x-sg-elas-acl
Access-Control-Max-Age: 600
X-No-CORS-Reason: https://sendgrid.com/docs/Classroom/Basics/API/cors.html
Strict-Transport-Security: max-age=600; includeSubDomains


INFO:root:End sendmail for sftp_commons
INFO:root:Starting sendmail for sftp_start
INFO:root:202
INFO:root:Server: nginx
Date: Fri, 17 Nov 2023 07:56:10 GMT
Content-Length: 0
Connection: close
X-Message-Id: InB5wJ3dQFGSFzC5m5ISpA
Access-Control-Allow-Origin: https://sendgrid.api-docs.io
Access-Control-Allow-Methods: POST
Access-Control-Allow-Headers: Authorization, Content-Type, On-behalf-of, x-sg-elas-acl
Access-Control-Max-Age: 600
X-No-CORS-Reason: https://sendgrid.com/docs/Classroom/Basics/API/cors.html
Strict-Transport-Security: max-age=600; includeSubDomains


INFO:root:End sendmail for sftp_start
INFO:root:Starting sendmail for sftp_cps
INFO:root:202
INFO:root:Server: nginx
Date: Fri, 17 Nov 2023 07:56:12 GMT
Content-Length: 0
Connection: close
X-Message-Id: Icl_5kGUQ02h6eO2TR7reQ
Access-Control-Allow-Origin: https://sendgrid.api-docs.io
Access-Control-Allow-Methods: POST
Access-Control-Allow-Headers: Authorization, Content-Type, On-behalf-of, x-sg-elas-acl
Access-Control-Max-Age: 600
X-No-CORS-Reason: https://sendgrid.com/docs/Classroom/Basics/API/cors.html
Strict-Transport-Security: max-age=600; includeSubDomains


INFO:root:End sendmail for sftp_cps
INFO:root:Starting sendmail for sftp_commons
INFO:root:202
INFO:root:Server: nginx
Date: Fri, 17 Nov 2023 07:56:15 GMT
Content-Length: 0
Connection: close
X-Message-Id: WUEZSQbKTR-t6UuSVIo2iA
Access-Control-Allow-Origin: https://sendgrid.api-docs.io
Access-Control-Allow-Methods: POST
Access-Control-Allow-Headers: Authorization, Content-Type, On-behalf-of, x-sg-elas-acl
Access-Control-Max-Age: 600
X-No-CORS-Reason: https://sendgrid.com/docs/Classroom/Basics/API/cors.html
Strict-Transport-Security: max-age=600; includeSubDomains


INFO:root:End sendmail for sftp_commons
INFO:root:Starting sendmail for sftp_start
INFO:root:202
INFO:root:Server: nginx
Date: Fri, 17 Nov 2023 08:02:23 GMT
Content-Length: 0
Connection: close
X-Message-Id: M6yasYyOR-qkzDYg9pyIJQ
Access-Control-Allow-Origin: https://sendgrid.api-docs.io
Access-Control-Allow-Methods: POST
Access-Control-Allow-Headers: Authorization, Content-Type, On-behalf-of, x-sg-elas-acl
Access-Control-Max-Age: 600
X-No-CORS-Reason: https://sendgrid.com/docs/Classroom/Basics/API/cors.html
Strict-Transport-Security: max-age=600; includeSubDomains


INFO:root:End sendmail for sftp_start
INFO:root:Starting sendmail for sftp_cps
INFO:root:202
INFO:root:Server: nginx
Date: Fri, 17 Nov 2023 08:02:24 GMT
Content-Length: 0
Connection: close
X-Message-Id: X9RkJuRJTPSkPBCIyBmgzg
Access-Control-Allow-Origin: https://sendgrid.api-docs.io
Access-Control-Allow-Methods: POST
Access-Control-Allow-Headers: Authorization, Content-Type, On-behalf-of, x-sg-elas-acl
Access-Control-Max-Age: 600
X-No-CORS-Reason: https://sendgrid.com/docs/Classroom/Basics/API/cors.html
Strict-Transport-Security: max-age=600; includeSubDomains


INFO:root:End sendmail for sftp_cps
INFO:root:Starting sendmail for sftp_commons
INFO:root:202
INFO:root:Server: nginx
Date: Fri, 17 Nov 2023 08:02:28 GMT
Content-Length: 0
Connection: close
X-Message-Id: -AH1pm7VS_GnVQdR9uCQ2Q
Access-Control-Allow-Origin: https://sendgrid.api-docs.io
Access-Control-Allow-Methods: POST
Access-Control-Allow-Headers: Authorization, Content-Type, On-behalf-of, x-sg-elas-acl
Access-Control-Max-Age: 600
X-No-CORS-Reason: https://sendgrid.com/docs/Classroom/Basics/API/cors.html
Strict-Transport-Security: max-age=600; includeSubDomains


INFO:root:End sendmail for sftp_commons
